2023-12-06 12:16:56,978 - collect_info - INFO - Starting information collection...
2023-12-06 12:17:24,522 - collect_info - INFO - File info: file_info.name='.git' file_info.extension='git' file_info.is_dir=True file_info.parent_dir='C:\\Users\\USERES\\Desktop\\cs_ready_homework\\Computer_Networks_GeekBrains'
2023-12-06 12:17:24,522 - collect_info - INFO - File info: file_info.name='README.md' file_info.extension=None file_info.is_dir=False file_info.parent_dir='C:\\Users\\USERES\\Desktop\\cs_ready_homework\\Computer_Networks_GeekBrains'
2023-12-06 12:17:24,522 - collect_info - INFO - File info: file_info.name='seminar1' file_info.extension='seminar1' file_info.is_dir=True file_info.parent_dir='C:\\Users\\USERES\\Desktop\\cs_ready_homework\\Computer_Networks_GeekBrains'
2023-12-06 12:17:24,522 - collect_info - INFO - File info: file_info.name='seminar2' file_info.extension='seminar2' file_info.is_dir=True file_info.parent_dir='C:\\Users\\USERES\\Desktop\\cs_ready_homework\\Computer_Networks_GeekBrains'
2023-12-06 12:17:24,522 - collect_info - INFO - File info: file_info.name='seminar3' file_info.extension='seminar3' file_info.is_dir=True file_info.parent_dir='C:\\Users\\USERES\\Desktop\\cs_ready_homework\\Computer_Networks_GeekBrains'
2023-12-06 12:17:24,522 - collect_info - INFO - File info: file_info.name='seminar4' file_info.extension='seminar4' file_info.is_dir=True file_info.parent_dir='C:\\Users\\USERES\\Desktop\\cs_ready_homework\\Computer_Networks_GeekBrains'
2023-12-06 12:17:24,522 - collect_info - INFO - File info: file_info.name='seminar6' file_info.extension='seminar6' file_info.is_dir=True file_info.parent_dir='C:\\Users\\USERES\\Desktop\\cs_ready_homework\\Computer_Networks_GeekBrains'
2023-12-06 12:17:24,523 - collect_info - INFO - File info: file_info.name='seminar7' file_info.extension='seminar7' file_info.is_dir=True file_info.parent_dir='C:\\Users\\USERES\\Desktop\\cs_ready_homework\\Computer_Networks_GeekBrains'
2023-12-06 12:17:24,523 - collect_info - INFO - File info: file_info.name='seminar8' file_info.extension='seminar8' file_info.is_dir=True file_info.parent_dir='C:\\Users\\USERES\\Desktop\\cs_ready_homework\\Computer_Networks_GeekBrains'
2023-12-06 12:17:24,523 - collect_info - INFO - File info: file_info.name='seti5.png' file_info.extension=None file_info.is_dir=False file_info.parent_dir='C:\\Users\\USERES\\Desktop\\cs_ready_homework\\Computer_Networks_GeekBrains'
2023-12-06 12:17:24,523 - collect_info - INFO - File info: file_info.name='HEAD' file_info.extension=None file_info.is_dir=False file_info.parent_dir='.git'
2023-12-06 12:17:24,523 - collect_info - INFO - File info: file_info.name='config' file_info.extension=None file_info.is_dir=False file_info.parent_dir='.git'
2023-12-06 12:17:24,523 - collect_info - INFO - File info: file_info.name='description' file_info.extension=None file_info.is_dir=False file_info.parent_dir='.git'
2023-12-06 12:17:24,523 - collect_info - INFO - File info: file_info.name='hooks' file_info.extension='hooks' file_info.is_dir=True file_info.parent_dir='.git'
2023-12-06 12:17:24,523 - collect_info - INFO - File info: file_info.name='index' file_info.extension=None file_info.is_dir=False file_info.parent_dir='.git'
2023-12-06 12:17:24,523 - collect_info - INFO - File info: file_info.name='info' file_info.extension='info' file_info.is_dir=True file_info.parent_dir='.git'
2023-12-06 12:17:24,523 - collect_info - INFO - File info: file_info.name='logs' file_info.extension='logs' file_info.is_dir=True file_info.parent_dir='.git'
2023-12-06 12:17:24,523 - collect_info - INFO - File info: file_info.name='objects' file_info.extension='objects' file_info.is_dir=True file_info.parent_dir='.git'
2023-12-06 12:17:24,523 - collect_info - INFO - File info: file_info.name='packed-refs' file_info.extension=None file_info.is_dir=False file_info.parent_dir='.git'
2023-12-06 12:17:24,523 - collect_info - INFO - File info: file_info.name='refs' file_info.extension='refs' file_info.is_dir=True file_info.parent_dir='.git'
2023-12-06 12:17:24,524 - collect_info - INFO - File info: file_info.name='applypatch-msg.sample' file_info.extension=None file_info.is_dir=False file_info.parent_dir='.git\\hooks'
2023-12-06 12:17:24,524 - collect_info - INFO - File info: file_info.name='commit-msg.sample' file_info.extension=None file_info.is_dir=False file_info.parent_dir='.git\\hooks'
2023-12-06 12:17:24,524 - collect_info - INFO - File info: file_info.name='fsmonitor-watchman.sample' file_info.extension=None file_info.is_dir=False file_info.parent_dir='.git\\hooks'
2023-12-06 12:17:24,524 - collect_info - INFO - File info: file_info.name='post-update.sample' file_info.extension=None file_info.is_dir=False file_info.parent_dir='.git\\hooks'
2023-12-06 12:17:24,524 - collect_info - INFO - File info: file_info.name='pre-applypatch.sample' file_info.extension=None file_info.is_dir=False file_info.parent_dir='.git\\hooks'
2023-12-06 12:17:24,524 - collect_info - INFO - File info: file_info.name='pre-commit.sample' file_info.extension=None file_info.is_dir=False file_info.parent_dir='.git\\hooks'
2023-12-06 12:17:24,524 - collect_info - INFO - File info: file_info.name='pre-merge-commit.sample' file_info.extension=None file_info.is_dir=False file_info.parent_dir='.git\\hooks'
2023-12-06 12:17:24,524 - collect_info - INFO - File info: file_info.name='pre-push.sample' file_info.extension=None file_info.is_dir=False file_info.parent_dir='.git\\hooks'
2023-12-06 12:17:24,524 - collect_info - INFO - File info: file_info.name='pre-rebase.sample' file_info.extension=None file_info.is_dir=False file_info.parent_dir='.git\\hooks'
2023-12-06 12:17:24,524 - collect_info - INFO - File info: file_info.name='pre-receive.sample' file_info.extension=None file_info.is_dir=False file_info.parent_dir='.git\\hooks'
2023-12-06 12:17:24,527 - collect_info - INFO - File info: file_info.name='prepare-commit-msg.sample' file_info.extension=None file_info.is_dir=False file_info.parent_dir='.git\\hooks'
2023-12-06 12:17:24,527 - collect_info - INFO - File info: file_info.name='push-to-checkout.sample' file_info.extension=None file_info.is_dir=False file_info.parent_dir='.git\\hooks'
2023-12-06 12:17:24,527 - collect_info - INFO - File info: file_info.name='sendemail-validate.sample' file_info.extension=None file_info.is_dir=False file_info.parent_dir='.git\\hooks'
2023-12-06 12:17:24,527 - collect_info - INFO - File info: file_info.name='update.sample' file_info.extension=None file_info.is_dir=False file_info.parent_dir='.git\\hooks'
2023-12-06 12:17:24,527 - collect_info - INFO - File info: file_info.name='exclude' file_info.extension=None file_info.is_dir=False file_info.parent_dir='.git\\info'
2023-12-06 12:17:24,527 - collect_info - INFO - File info: file_info.name='HEAD' file_info.extension=None file_info.is_dir=False file_info.parent_dir='.git\\logs'
2023-12-06 12:17:24,527 - collect_info - INFO - File info: file_info.name='refs' file_info.extension='refs' file_info.is_dir=True file_info.parent_dir='.git\\logs'
2023-12-06 12:17:24,527 - collect_info - INFO - File info: file_info.name='heads' file_info.extension='heads' file_info.is_dir=True file_info.parent_dir='.git\\logs\\refs'
2023-12-06 12:17:24,527 - collect_info - INFO - File info: file_info.name='remotes' file_info.extension='remotes' file_info.is_dir=True file_info.parent_dir='.git\\logs\\refs'
2023-12-06 12:17:24,527 - collect_info - INFO - File info: file_info.name='main' file_info.extension=None file_info.is_dir=False file_info.parent_dir='.git\\logs\\refs\\heads'
2023-12-06 12:17:24,528 - collect_info - INFO - File info: file_info.name='origin' file_info.extension='origin' file_info.is_dir=True file_info.parent_dir='.git\\logs\\refs\\remotes'
2023-12-06 12:17:24,528 - collect_info - INFO - File info: file_info.name='HEAD' file_info.extension=None file_info.is_dir=False file_info.parent_dir='.git\\logs\\refs\\remotes\\origin'
2023-12-06 12:17:24,528 - collect_info - INFO - File info: file_info.name='info' file_info.extension='info' file_info.is_dir=True file_info.parent_dir='.git\\objects'
2023-12-06 12:17:24,528 - collect_info - INFO - File info: file_info.name='pack' file_info.extension='pack' file_info.is_dir=True file_info.parent_dir='.git\\objects'
2023-12-06 12:17:24,528 - collect_info - INFO - File info: file_info.name='pack-29188feca932e7875079d06ea2665b25ac360622.idx' file_info.extension=None file_info.is_dir=False file_info.parent_dir='.git\\objects\\pack'
2023-12-06 12:17:24,528 - collect_info - INFO - File info: file_info.name='pack-29188feca932e7875079d06ea2665b25ac360622.pack' file_info.extension=None file_info.is_dir=False file_info.parent_dir='.git\\objects\\pack'
2023-12-06 12:17:24,528 - collect_info - INFO - File info: file_info.name='pack-29188feca932e7875079d06ea2665b25ac360622.rev' file_info.extension=None file_info.is_dir=False file_info.parent_dir='.git\\objects\\pack'
2023-12-06 12:17:24,528 - collect_info - INFO - File info: file_info.name='heads' file_info.extension='heads' file_info.is_dir=True file_info.parent_dir='.git\\refs'
2023-12-06 12:17:24,528 - collect_info - INFO - File info: file_info.name='remotes' file_info.extension='remotes' file_info.is_dir=True file_info.parent_dir='.git\\refs'
2023-12-06 12:17:24,528 - collect_info - INFO - File info: file_info.name='tags' file_info.extension='tags' file_info.is_dir=True file_info.parent_dir='.git\\refs'
2023-12-06 12:17:24,528 - collect_info - INFO - File info: file_info.name='main' file_info.extension=None file_info.is_dir=False file_info.parent_dir='.git\\refs\\heads'
2023-12-06 12:17:24,529 - collect_info - INFO - File info: file_info.name='origin' file_info.extension='origin' file_info.is_dir=True file_info.parent_dir='.git\\refs\\remotes'
2023-12-06 12:17:24,529 - collect_info - INFO - File info: file_info.name='HEAD' file_info.extension=None file_info.is_dir=False file_info.parent_dir='.git\\refs\\remotes\\origin'
2023-12-06 12:17:24,529 - collect_info - INFO - File info: file_info.name='homework.pkt' file_info.extension=None file_info.is_dir=False file_info.parent_dir='seminar1'
2023-12-06 12:17:24,529 - collect_info - INFO - File info: file_info.name='task1.pkt' file_info.extension=None file_info.is_dir=False file_info.parent_dir='seminar1'
2023-12-06 12:17:24,529 - collect_info - INFO - File info: file_info.name='task2.pkt' file_info.extension=None file_info.is_dir=False file_info.parent_dir='seminar1'
2023-12-06 12:17:24,529 - collect_info - INFO - File info: file_info.name='task3.pkt' file_info.extension=None file_info.is_dir=False file_info.parent_dir='seminar1'
2023-12-06 12:17:24,529 - collect_info - INFO - File info: file_info.name='README.md' file_info.extension=None file_info.is_dir=False file_info.parent_dir='seminar2'
2023-12-06 12:17:24,529 - collect_info - INFO - File info: file_info.name='task1.txt' file_info.extension=None file_info.is_dir=False file_info.parent_dir='seminar2'
2023-12-06 12:17:24,529 - collect_info - INFO - File info: file_info.name='task2.pkt' file_info.extension=None file_info.is_dir=False file_info.parent_dir='seminar2'
2023-12-06 12:17:24,529 - collect_info - INFO - File info: file_info.name='Classwork_3.md' file_info.extension=None file_info.is_dir=False file_info.parent_dir='seminar3'
2023-12-06 12:17:24,529 - collect_info - INFO - File info: file_info.name='Classwork_3.md.pkt' file_info.extension=None file_info.is_dir=False file_info.parent_dir='seminar3'
2023-12-06 12:17:24,529 - collect_info - INFO - File info: file_info.name='Classwork_img_1.jpg' file_info.extension=None file_info.is_dir=False file_info.parent_dir='seminar3'
2023-12-06 12:17:24,529 - collect_info - INFO - File info: file_info.name='Classwork_img_2.jpg' file_info.extension=None file_info.is_dir=False file_info.parent_dir='seminar3'
2023-12-06 12:17:24,530 - collect_info - INFO - File info: file_info.name='Homework_3.md' file_info.extension=None file_info.is_dir=False file_info.parent_dir='seminar3'
2023-12-06 12:17:24,530 - collect_info - INFO - File info: file_info.name='Homework_img_1.jpg' file_info.extension=None file_info.is_dir=False file_info.parent_dir='seminar3'
2023-12-06 12:17:24,530 - collect_info - INFO - File info: file_info.name='Homework_img_2.jpg' file_info.extension=None file_info.is_dir=False file_info.parent_dir='seminar3'
2023-12-06 12:17:24,530 - collect_info - INFO - File info: file_info.name='Homework_img_3.jpg' file_info.extension=None file_info.is_dir=False file_info.parent_dir='seminar3'
2023-12-06 12:17:24,530 - collect_info - INFO - File info: file_info.name='Homework_img_4.jpg' file_info.extension=None file_info.is_dir=False file_info.parent_dir='seminar3'
2023-12-06 12:17:24,530 - collect_info - INFO - File info: file_info.name='Homework_img_5.jpg' file_info.extension=None file_info.is_dir=False file_info.parent_dir='seminar3'
2023-12-06 12:17:24,530 - collect_info - INFO - File info: file_info.name='Homework_img_6.jpg' file_info.extension=None file_info.is_dir=False file_info.parent_dir='seminar3'
2023-12-06 12:17:24,530 - collect_info - INFO - File info: file_info.name='Homework_img_7.jpg' file_info.extension=None file_info.is_dir=False file_info.parent_dir='seminar3'
2023-12-06 12:17:24,530 - collect_info - INFO - File info: file_info.name='Homework_img_8.jpg' file_info.extension=None file_info.is_dir=False file_info.parent_dir='seminar3'
2023-12-06 12:17:24,530 - collect_info - INFO - File info: file_info.name='img.png' file_info.extension=None file_info.is_dir=False file_info.parent_dir='seminar3'
2023-12-06 12:17:24,530 - collect_info - INFO - File info: file_info.name='s3_homework.pkt' file_info.extension=None file_info.is_dir=False file_info.parent_dir='seminar3'
2023-12-06 12:17:24,530 - collect_info - INFO - File info: file_info.name='Classwork_1_1_img.jpg' file_info.extension=None file_info.is_dir=False file_info.parent_dir='seminar4'
2023-12-06 12:17:24,530 - collect_info - INFO - File info: file_info.name='Classwork_1_img.jpg' file_info.extension=None file_info.is_dir=False file_info.parent_dir='seminar4'
2023-12-06 12:17:24,530 - collect_info - INFO - File info: file_info.name='Classwork_4.md' file_info.extension=None file_info.is_dir=False file_info.parent_dir='seminar4'
2023-12-06 12:17:24,530 - collect_info - INFO - File info: file_info.name='Classwork_4.pkt' file_info.extension=None file_info.is_dir=False file_info.parent_dir='seminar4'
2023-12-06 12:17:24,530 - collect_info - INFO - File info: file_info.name='Classwork_4_1.pkt' file_info.extension=None file_info.is_dir=False file_info.parent_dir='seminar4'
2023-12-06 12:17:24,530 - collect_info - INFO - File info: file_info.name='Homework_0_img.jpg' file_info.extension=None file_info.is_dir=False file_info.parent_dir='seminar4'
2023-12-06 12:17:24,530 - collect_info - INFO - File info: file_info.name='Homework_1_img.jpg' file_info.extension=None file_info.is_dir=False file_info.parent_dir='seminar4'
2023-12-06 12:17:24,530 - collect_info - INFO - File info: file_info.name='Homework_2_img.jpg' file_info.extension=None file_info.is_dir=False file_info.parent_dir='seminar4'
2023-12-06 12:17:24,530 - collect_info - INFO - File info: file_info.name='Homework_3_img.jpg' file_info.extension=None file_info.is_dir=False file_info.parent_dir='seminar4'
2023-12-06 12:17:24,530 - collect_info - INFO - File info: file_info.name='Homework_4.md' file_info.extension=None file_info.is_dir=False file_info.parent_dir='seminar4'
2023-12-06 12:17:24,530 - collect_info - INFO - File info: file_info.name='s3_commands.txt' file_info.extension=None file_info.is_dir=False file_info.parent_dir='seminar4'
2023-12-06 12:17:24,531 - collect_info - INFO - File info: file_info.name='s3_demonstration_OSPF.pkt' file_info.extension=None file_info.is_dir=False file_info.parent_dir='seminar4'
2023-12-06 12:17:24,531 - collect_info - INFO - File info: file_info.name='s3_demonstration_VLAN.pkt' file_info.extension=None file_info.is_dir=False file_info.parent_dir='seminar4'
2023-12-06 12:17:24,531 - collect_info - INFO - File info: file_info.name='s3_homework.pkt' file_info.extension=None file_info.is_dir=False file_info.parent_dir='seminar4'
2023-12-06 12:17:24,531 - collect_info - INFO - File info: file_info.name='client' file_info.extension='client' file_info.is_dir=True file_info.parent_dir='seminar6'
2023-12-06 12:17:24,531 - collect_info - INFO - File info: file_info.name='socket' file_info.extension='socket' file_info.is_dir=True file_info.parent_dir='seminar6'
2023-12-06 12:17:24,531 - collect_info - INFO - File info: file_info.name='Program.cs' file_info.extension=None file_info.is_dir=False file_info.parent_dir='seminar6\\client'
2023-12-06 12:17:24,531 - collect_info - INFO - File info: file_info.name='client.csproj' file_info.extension=None file_info.is_dir=False file_info.parent_dir='seminar6\\client'
2023-12-06 12:17:24,531 - collect_info - INFO - File info: file_info.name='Program.cs' file_info.extension=None file_info.is_dir=False file_info.parent_dir='seminar6\\socket'
2023-12-06 12:17:24,531 - collect_info - INFO - File info: file_info.name='socket.csproj' file_info.extension=None file_info.is_dir=False file_info.parent_dir='seminar6\\socket'
2023-12-06 12:17:24,531 - collect_info - INFO - File info: file_info.name='Classwork_7' file_info.extension='Classwork_7' file_info.is_dir=True file_info.parent_dir='seminar7'
2023-12-06 12:17:24,531 - collect_info - INFO - File info: file_info.name='Homework_7' file_info.extension='Homework_7' file_info.is_dir=True file_info.parent_dir='seminar7'
2023-12-06 12:17:24,531 - collect_info - INFO - File info: file_info.name='Classwork_7.md' file_info.extension=None file_info.is_dir=False file_info.parent_dir='seminar7\\Classwork_7'
2023-12-06 12:17:24,531 - collect_info - INFO - File info: file_info.name='img' file_info.extension='img' file_info.is_dir=True file_info.parent_dir='seminar7\\Classwork_7'
2023-12-06 12:17:24,531 - collect_info - INFO - File info: file_info.name='s5_demonstration_GRE.pkt' file_info.extension=None file_info.is_dir=False file_info.parent_dir='seminar7\\Classwork_7'
2023-12-06 12:17:24,531 - collect_info - INFO - File info: file_info.name='s5_demonstration_NAT.pkt' file_info.extension=None file_info.is_dir=False file_info.parent_dir='seminar7\\Classwork_7'
2023-12-06 12:17:24,532 - collect_info - INFO - File info: file_info.name='команды для GRE.txt' file_info.extension=None file_info.is_dir=False file_info.parent_dir='seminar7\\Classwork_7'
2023-12-06 12:17:24,532 - collect_info - INFO - File info: file_info.name='команды для NAT.txt' file_info.extension=None file_info.is_dir=False file_info.parent_dir='seminar7\\Classwork_7'
2023-12-06 12:17:24,532 - collect_info - INFO - File info: file_info.name='1.jpg' file_info.extension=None file_info.is_dir=False file_info.parent_dir='seminar7\\Classwork_7\\img'
2023-12-06 12:17:24,532 - collect_info - INFO - File info: file_info.name='10.jpg' file_info.extension=None file_info.is_dir=False file_info.parent_dir='seminar7\\Classwork_7\\img'
2023-12-06 12:17:24,532 - collect_info - INFO - File info: file_info.name='11.jpg' file_info.extension=None file_info.is_dir=False file_info.parent_dir='seminar7\\Classwork_7\\img'
2023-12-06 12:17:24,532 - collect_info - INFO - File info: file_info.name='12.jpg' file_info.extension=None file_info.is_dir=False file_info.parent_dir='seminar7\\Classwork_7\\img'
2023-12-06 12:17:24,532 - collect_info - INFO - File info: file_info.name='2.jpg' file_info.extension=None file_info.is_dir=False file_info.parent_dir='seminar7\\Classwork_7\\img'
2023-12-06 12:17:24,532 - collect_info - INFO - File info: file_info.name='3.jpg' file_info.extension=None file_info.is_dir=False file_info.parent_dir='seminar7\\Classwork_7\\img'
2023-12-06 12:17:24,532 - collect_info - INFO - File info: file_info.name='4.jpg' file_info.extension=None file_info.is_dir=False file_info.parent_dir='seminar7\\Classwork_7\\img'
2023-12-06 12:17:24,532 - collect_info - INFO - File info: file_info.name='5.jpg' file_info.extension=None file_info.is_dir=False file_info.parent_dir='seminar7\\Classwork_7\\img'
2023-12-06 12:17:24,532 - collect_info - INFO - File info: file_info.name='6.jpg' file_info.extension=None file_info.is_dir=False file_info.parent_dir='seminar7\\Classwork_7\\img'
2023-12-06 12:17:24,532 - collect_info - INFO - File info: file_info.name='7.jpg' file_info.extension=None file_info.is_dir=False file_info.parent_dir='seminar7\\Classwork_7\\img'
2023-12-06 12:17:24,532 - collect_info - INFO - File info: file_info.name='8.jpg' file_info.extension=None file_info.is_dir=False file_info.parent_dir='seminar7\\Classwork_7\\img'
2023-12-06 12:17:24,532 - collect_info - INFO - File info: file_info.name='9.jpg' file_info.extension=None file_info.is_dir=False file_info.parent_dir='seminar7\\Classwork_7\\img'
2023-12-06 12:17:24,532 - collect_info - INFO - File info: file_info.name='Homework_7.md' file_info.extension=None file_info.is_dir=False file_info.parent_dir='seminar7\\Homework_7'
2023-12-06 12:17:24,532 - collect_info - INFO - File info: file_info.name='img' file_info.extension='img' file_info.is_dir=True file_info.parent_dir='seminar7\\Homework_7'
2023-12-06 12:17:24,532 - collect_info - INFO - File info: file_info.name='s5_homework.pkt' file_info.extension=None file_info.is_dir=False file_info.parent_dir='seminar7\\Homework_7'
2023-12-06 12:17:24,532 - collect_info - INFO - File info: file_info.name='5.jpg' file_info.extension=None file_info.is_dir=False file_info.parent_dir='seminar7\\Homework_7\\img'
2023-12-06 12:17:24,533 - collect_info - INFO - File info: file_info.name='HTTP_HTTPS.jpg' file_info.extension=None file_info.is_dir=False file_info.parent_dir='seminar7\\Homework_7\\img'
2023-12-06 12:17:24,533 - collect_info - INFO - File info: file_info.name='NAT_translation.jpg' file_info.extension=None file_info.is_dir=False file_info.parent_dir='seminar7\\Homework_7\\img'
2023-12-06 12:17:24,533 - collect_info - INFO - File info: file_info.name='network_all.jpg' file_info.extension=None file_info.is_dir=False file_info.parent_dir='seminar7\\Homework_7\\img'
2023-12-06 12:17:24,533 - collect_info - INFO - File info: file_info.name='open_vpn.jpg' file_info.extension=None file_info.is_dir=False file_info.parent_dir='seminar7\\Homework_7\\img'
2023-12-06 12:17:24,533 - collect_info - INFO - File info: file_info.name='tracert_by_tunnel.jpg' file_info.extension=None file_info.is_dir=False file_info.parent_dir='seminar7\\Homework_7\\img'
2023-12-06 12:17:24,533 - collect_info - INFO - File info: file_info.name='Classwork_8' file_info.extension='Classwork_8' file_info.is_dir=True file_info.parent_dir='seminar8'
2023-12-06 12:17:24,533 - collect_info - INFO - File info: file_info.name='Homework_8' file_info.extension='Homework_8' file_info.is_dir=True file_info.parent_dir='seminar8'
2023-12-06 12:17:24,533 - collect_info - INFO - File info: file_info.name='materials.txt' file_info.extension=None file_info.is_dir=False file_info.parent_dir='seminar8'
2023-12-06 12:17:24,533 - collect_info - INFO - File info: file_info.name='DNS and HTTP task 2.pkt' file_info.extension=None file_info.is_dir=False file_info.parent_dir='seminar8\\Classwork_8'
2023-12-06 12:17:24,533 - collect_info - INFO - File info: file_info.name='dns.pkt' file_info.extension=None file_info.is_dir=False file_info.parent_dir='seminar8\\Classwork_8'
2023-12-06 12:17:24,533 - collect_info - INFO - File info: file_info.name='Homework_8.md' file_info.extension=None file_info.is_dir=False file_info.parent_dir='seminar8\\Homework_8'
2023-12-06 12:17:24,533 - collect_info - INFO - File info: file_info.name='homework.pkt' file_info.extension=None file_info.is_dir=False file_info.parent_dir='seminar8\\Homework_8'
2023-12-06 12:17:24,533 - collect_info - INFO - File info: file_info.name='img' file_info.extension='img' file_info.is_dir=True file_info.parent_dir='seminar8\\Homework_8'
2023-12-06 12:17:24,533 - collect_info - INFO - File info: file_info.name='HTTP_HTTPS.jpg' file_info.extension=None file_info.is_dir=False file_info.parent_dir='seminar8\\Homework_8\\img'
2023-12-06 12:17:24,533 - collect_info - INFO - File info: file_info.name='Router0_route.jpg' file_info.extension=None file_info.is_dir=False file_info.parent_dir='seminar8\\Homework_8\\img'
2023-12-06 12:17:24,533 - collect_info - INFO - File info: file_info.name='Router_3_NAT.jpg' file_info.extension=None file_info.is_dir=False file_info.parent_dir='seminar8\\Homework_8\\img'
